****************************************
Report : reference
Design : cv32e40p_mult_optimization
Version: T-2022.03-SP3
Date   : Mon Jun  2 06:09:01 2025
****************************************

Attributes:
    b - black box (unknown)
   bo - allows boundary optimization
    d - dont_touch
   mo - map_only
    h - hierarchical
    n - noncombinational
    r - removable
    s - synthetic operator
    u - contains unmapped logic

Reference          Library       Unit Area   Count    Total Area   Attributes
-----------------------------------------------------------------------------
AND2X1_RVT         saed32rvt_ss0p75v125c
                                  2.033152     173    351.735314
AND3X1_RVT         saed32rvt_ss0p75v125c
                                  2.287296       4      9.149184
AND4X1_RVT         saed32rvt_ss0p75v125c
                                  2.541440      24     60.994560
AO21X1_RVT         saed32rvt_ss0p75v125c
                                  2.541440      36     91.491840
AO22X1_RVT         saed32rvt_ss0p75v125c
                                  2.541440     420   1067.404804
AO22X2_RVT         saed32rvt_ss0p75v125c
                                  2.795584       1      2.795584
AO222X1_RVT        saed32rvt_ss0p75v125c
                                  3.303872       4     13.215488
AOI22X1_RVT        saed32rvt_ss0p75v125c
                                  3.049728       2      6.099456
DFFARX1_RVT        saed32rvt_ss0p75v125c
                                  7.116032     268   1907.096609  n
HADDX1_RVT         saed32rvt_ss0p75v125c
                                  3.303872       2      6.607744  r
INVX0_RVT          saed32rvt_ss0p75v125c
                                  1.270720       9     11.436480
INVX1_RVT          saed32rvt_ss0p75v125c
                                  1.270720      82    104.199040
MUX21X1_RVT        saed32rvt_ss0p75v125c
                                  3.303872     337   1113.404901
MUX21X2_RVT        saed32rvt_ss0p75v125c
                                  3.558016       1      3.558016
MUX41X1_RVT        saed32rvt_ss0p75v125c
                                  5.591168      45    251.602557
NAND2X0_RVT        saed32rvt_ss0p75v125c
                                  1.524864       2      3.049728
NAND3X0_RVT        saed32rvt_ss0p75v125c
                                  1.779008       1      1.779008
NAND4X0_RVT        saed32rvt_ss0p75v125c
                                  2.033152       3      6.099456
NBUFFX2_RVT        saed32rvt_ss0p75v125c
                                  2.033152      76    154.519560
NOR2X0_RVT         saed32rvt_ss0p75v125c
                                  2.541440      12     30.497280
NOR2X1_RVT         saed32rvt_ss0p75v125c
                                  2.541440       1      2.541440
NOR3X0_RVT         saed32rvt_ss0p75v125c
                                  2.795584       1      2.795584
NOR3X1_RVT         saed32rvt_ss0p75v125c
                                  2.795584       1      2.795584
NOR4X1_RVT         saed32rvt_ss0p75v125c
                                  3.049728       1      3.049728
OR2X1_RVT          saed32rvt_ss0p75v125c
                                  2.033152      57    115.889670
OR3X1_RVT          saed32rvt_ss0p75v125c
                                  2.541440       3      7.624320
OR3X2_RVT          saed32rvt_ss0p75v125c
                                  2.541440       1      2.541440
OR4X1_RVT          saed32rvt_ss0p75v125c
                                  3.558016       1      3.558016
XNOR2X1_RVT        saed32rvt_ss0p75v125c
                                  4.320448      17     73.447615
XOR2X1_RVT         saed32rvt_ss0p75v125c
                                  4.320448      63    272.188219
cv32e40p_mult_optimization_DP_OP_107_125_268_0
                               3609.861336       1   3609.861336  h
cv32e40p_mult_optimization_DP_OP_108_126_7310_0
                               2294.412000       1   2294.412000  h
cv32e40p_mult_optimization_DP_OP_109_122_7169_0
                               2685.539639       1   2685.539639  h
cv32e40p_mult_optimization_DP_OP_110_123_1003_0
                               3569.452471       1   3569.452471  h
-----------------------------------------------------------------------------
Total 34 references                                 17842.433672

****************************************
Design: cv32e40p_mult_optimization_DP_OP_107_125_268_0
****************************************
Reference          Library       Unit Area   Count    Total Area   Attributes
-----------------------------------------------------------------------------
AND2X1_RVT         saed32rvt_ss0p75v125c
                                  2.033152     496   1008.443443
AO22X1_RVT         saed32rvt_ss0p75v125c
                                  2.541440       2      5.082880
FADDX1_RVT         saed32rvt_ss0p75v125c
                                  4.828736     526   2539.915046  r
HADDX1_RVT         saed32rvt_ss0p75v125c
                                  3.303872       2      6.607744  r
NAND2X0_RVT        saed32rvt_ss0p75v125c
                                  1.524864      30     45.745919
NAND4X0_RVT        saed32rvt_ss0p75v125c
                                  2.033152       2      4.066304
-----------------------------------------------------------------------------
Total 6 references                                   3609.861336

****************************************
Design: cv32e40p_mult_optimization_DP_OP_108_126_7310_0
****************************************
Reference          Library       Unit Area   Count    Total Area   Attributes
-----------------------------------------------------------------------------
AND2X1_RVT         saed32rvt_ss0p75v125c
                                  2.033152     259    526.586395
FADDX1_RVT         saed32rvt_ss0p75v125c
                                  4.828736     335   1617.626503  r
HADDX1_RVT         saed32rvt_ss0p75v125c
                                  3.303872      10     33.038721  r
INVX0_RVT          saed32rvt_ss0p75v125c
                                  1.270720      13     16.519360
NAND2X0_RVT        saed32rvt_ss0p75v125c
                                  1.524864      66    100.641021
-----------------------------------------------------------------------------
Total 5 references                                   2294.412000

****************************************
Design: cv32e40p_mult_optimization_DP_OP_109_122_7169_0
****************************************
Reference          Library       Unit Area   Count    Total Area   Attributes
-----------------------------------------------------------------------------
AND2X1_RVT         saed32rvt_ss0p75v125c
                                  2.033152      15     30.497282
AND3X1_RVT         saed32rvt_ss0p75v125c
                                  2.287296       3      6.861888
AO21X1_RVT         saed32rvt_ss0p75v125c
                                  2.541440      21     53.370240
AO22X1_RVT         saed32rvt_ss0p75v125c
                                  2.541440      46    116.906240
AO221X1_RVT        saed32rvt_ss0p75v125c
                                  3.049728       1      3.049728
AOI21X1_RVT        saed32rvt_ss0p75v125c
                                  3.049728       2      6.099456
AOI22X1_RVT        saed32rvt_ss0p75v125c
                                  3.049728       5     15.248640
FADDX1_RVT         saed32rvt_ss0p75v125c
                                  4.828736     137    661.536808  r
HADDX1_RVT         saed32rvt_ss0p75v125c
                                  3.303872      27     89.204547  r
INVX0_RVT          saed32rvt_ss0p75v125c
                                  1.270720      25     31.768000
INVX1_RVT          saed32rvt_ss0p75v125c
                                  1.270720      79    100.386880
INVX2_RVT          saed32rvt_ss0p75v125c
                                  1.524864       1      1.524864
MUX21X1_RVT        saed32rvt_ss0p75v125c
                                  3.303872       2      6.607744
NAND2X0_RVT        saed32rvt_ss0p75v125c
                                  1.524864      57     86.917246
NAND3X0_RVT        saed32rvt_ss0p75v125c
                                  1.779008       9     16.011072
NBUFFX2_RVT        saed32rvt_ss0p75v125c
                                  2.033152      33     67.094019
NOR2X0_RVT         saed32rvt_ss0p75v125c
                                  2.541440       8     20.331520
NOR2X1_RVT         saed32rvt_ss0p75v125c
                                  2.541440       1      2.541440
OA21X1_RVT         saed32rvt_ss0p75v125c
                                  2.541440      51    129.613441
OA22X1_RVT         saed32rvt_ss0p75v125c
                                  2.541440     112    284.641281
OAI21X1_RVT        saed32rvt_ss0p75v125c
                                  3.049728       2      6.099456
OAI21X2_RVT        saed32rvt_ss0p75v125c
                                  3.303872       9     29.734849
OAI22X1_RVT        saed32rvt_ss0p75v125c
                                  3.049728       7     21.348095
OR2X1_RVT          saed32rvt_ss0p75v125c
                                  2.033152      56    113.856518
OR2X2_RVT          saed32rvt_ss0p75v125c
                                  2.287296       2      4.574592
XNOR2X1_RVT        saed32rvt_ss0p75v125c
                                  4.320448      24    103.690750
XNOR2X2_RVT        saed32rvt_ss0p75v125c
                                  4.574592      18     82.342658
XNOR3X2_RVT        saed32rvt_ss0p75v125c
                                  6.353600       1      6.353600
XOR2X1_RVT         saed32rvt_ss0p75v125c
                                  4.320448      49    211.701948
XOR2X2_RVT         saed32rvt_ss0p75v125c
                                  4.574592      13     59.469697
XOR3X1_RVT         saed32rvt_ss0p75v125c
                                  7.116032      32    227.713028
XOR3X2_RVT         saed32rvt_ss0p75v125c
                                  7.370176      12     88.442110
-----------------------------------------------------------------------------
Total 32 references                                  2685.539639

****************************************
Design: cv32e40p_mult_optimization_DP_OP_110_123_1003_0
****************************************
Reference          Library       Unit Area   Count    Total Area   Attributes
-----------------------------------------------------------------------------
AND3X1_RVT         saed32rvt_ss0p75v125c
                                  2.287296       2      4.574592
AO21X1_RVT         saed32rvt_ss0p75v125c
                                  2.541440      12     30.497280
AO22X1_RVT         saed32rvt_ss0p75v125c
                                  2.541440      44    111.823360
AO221X1_RVT        saed32rvt_ss0p75v125c
                                  3.049728      10     30.497279
AO222X1_RVT        saed32rvt_ss0p75v125c
                                  3.303872      10     33.038721
AOI221X1_RVT       saed32rvt_ss0p75v125c
                                  3.558016       2      7.116032
FADDX1_RVT         saed32rvt_ss0p75v125c
                                  4.828736     266   1284.443730  r
HADDX1_RVT         saed32rvt_ss0p75v125c
                                  3.303872     240    792.929306  r
INVX0_RVT          saed32rvt_ss0p75v125c
                                  1.270720      91    115.635520
INVX1_RVT          saed32rvt_ss0p75v125c
                                  1.270720      59     74.972480
MUX21X1_RVT        saed32rvt_ss0p75v125c
                                  3.303872       2      6.607744
NAND2X0_RVT        saed32rvt_ss0p75v125c
                                  1.524864      55     83.867518
NAND3X0_RVT        saed32rvt_ss0p75v125c
                                  1.779008       9     16.011072
OA21X1_RVT         saed32rvt_ss0p75v125c
                                  2.541440       8     20.331520
OA22X1_RVT         saed32rvt_ss0p75v125c
                                  2.541440     158    401.547522
OAI22X1_RVT        saed32rvt_ss0p75v125c
                                  3.049728      10     30.497279
OAI221X1_RVT       saed32rvt_ss0p75v125c
                                  3.558016     140    498.122249
OR2X1_RVT          saed32rvt_ss0p75v125c
                                  2.033152      12     24.397825
OR3X1_RVT          saed32rvt_ss0p75v125c
                                  2.541440       1      2.541440
-----------------------------------------------------------------------------
Total 19 references                                  3569.452471
