****************************************
Report : area
Design : cv32e40p_mult_opt
Version: T-2022.03-SP3
Date   : Fri Jun 13 15:32:25 2025
****************************************

Library(s) Used:

    saed32rvt_ss0p75v125c (File: /usr/local/synopsys/pdk/SAED32_EDK/lib/stdcell_rvt/db_ccs/saed32rvt_ss0p75v125c.db)

Number of ports:                          876
Number of nets:                          8498
Number of cells:                         6391
Number of combinational cells:           5830
Number of sequential cells:               556
Number of macros/black boxes:               0
Number of buf/inv:                        444
Number of references:                      45

Combinational area:              18056.422879
Buf/Inv area:                      711.603216
Noncombinational area:            3680.005239
Macro/Black Box area:                0.000000
Net Interconnect area:            6500.937936

Total cell area:                 21736.428118
Total area:                      28237.366055

Hierarchical area distribution
------------------------------

                                  Global cell area            Local cell area
                                  -------------------  -----------------------------
Hierarchical cell                 Absolute    Percent  Combi-      Noncombi-  Black-
                                  Total       Total    national    national   boxes   Design
--------------------------------  ----------  -------  ----------  ---------  ------  --------------------------------------
cv32e40p_mult_opt                 21736.4281    100.0   5383.5324  3680.0052  0.0000  cv32e40p_mult_opt
DP_OP_102_125_9689                 3609.8613     16.6   3609.8613     0.0000  0.0000  cv32e40p_mult_opt_DP_OP_102_125_9689_0
DP_OP_103_126_7580                 2294.4120     10.6   2294.4120     0.0000  0.0000  cv32e40p_mult_opt_DP_OP_103_126_7580_0
DP_OP_104_122_9680                  577.9235      2.7    577.9235     0.0000  0.0000  cv32e40p_mult_opt_DP_OP_104_122_9680_0
DP_OP_105_123_734                  3569.4525     16.4   3569.4525     0.0000  0.0000  cv32e40p_mult_opt_DP_OP_105_123_734_0
mult_x_10                          2621.2412     12.1   2621.2412     0.0000  0.0000  cv32e40p_mult_opt_DW_mult_tc_1
--------------------------------  ----------  -------  ----------  ---------  ------  --------------------------------------
Total                                                  18056.4229  3680.0052  0.0000
