
****************************************
Report : timing
        -path full
        -delay max
        -nets
        -max_paths 1
        -transition_time
Design : cv32e40p_mult_opt
Version: T-2022.03-SP3
Date   : Fri Jun 13 15:32:24 2025
****************************************

Operating Conditions: ss0p75v125c   Library: saed32rvt_ss0p75v125c
Wire Load Model Mode: enclosed

  Startpoint: mulh_CS_reg_0_
              (rising edge-triggered flip-flop clocked by clk)
  Endpoint: result_o[12]
            (output port clocked by clk)
  Path Group: clk
  Path Type: max

  Des/Clust/Port     Wire Load Model       Library
  ------------------------------------------------
  cv32e40p_mult_opt  35000                 saed32rvt_ss0p75v125c
  cv32e40p_mult_opt_DP_OP_104_122_9680_0
                     8000                  saed32rvt_ss0p75v125c

Attributes:
    d - dont_touch
    u - dont_use
   mo - map_only
   so - size_only
    i - ideal_net or ideal_network
  inf - infeasible path

  Point                                       Fanout     Trans      Incr       Path      Attributes
  ---------------------------------------------------------------------------------------------------------
  clock clk (rise edge)                                             0.00       0.00
  clock network delay (propagated)                              34952.28   34952.28
  mulh_CS_reg_0_/CLK (DFFARX1_RVT)                        0.00      0.00   34952.28 r    inf
  mulh_CS_reg_0_/Q (DFFARX1_RVT)                          0.08      0.35   34952.62 r
  mulh_CS[0] (net)                              5                   0.00   34952.62 r
  U1498/Y (NOR3X0_RVT)                                    0.05      0.58   34953.20 f
  n1290 (net)                                   3                   0.00   34953.20 f
  U1551/Y (NBUFFX2_RVT)                                   0.05      0.21   34953.42 f
  n940 (net)                                    6                   0.00   34953.42 f
  U1220/Y (OR2X1_RVT)                                     0.04      0.70   34954.12 f
  n816 (net)                                    1                   0.00   34954.12 f
  U965/Y (MUX21X1_RVT)                                    0.08      0.18   34954.30 f
  n1013 (net)                                   1                   0.00   34954.30 f
  U1612/Y (INVX1_RVT)                                     0.06      0.09   34954.39 r
  n1292 (net)                                   3                   0.00   34954.39 r
  U1609/Y (NBUFFX2_RVT)                                   0.04      0.21   34954.60 r
  n1049 (net)                                   2                   0.00   34954.60 r
  U1643/Y (AO22X1_RVT)                                    0.08      0.20   34954.80 r
  cache_op_a_in[2] (net)                        2                   0.00   34954.80 r
  U1481/Y (XNOR2X2_RVT)                                   0.06      0.27   34955.07 f
  n1287 (net)                                   3                   0.00   34955.07 f
  U1428/Y (INVX0_RVT)                                     0.06      0.19   34955.26 r
  cache_index[2] (net)                          3                   0.00   34955.26 r
  U1313/Y (AND2X1_RVT)                                    0.05      0.23   34955.49 r
  n1068 (net)                                   2                   0.00   34955.49 r
  U1312/Y (AND2X4_RVT)                                    0.19      0.29   34955.79 r
  n1145 (net)                                  69                   0.00   34955.79 r
  U990/Y (AOI22X1_RVT)                                    0.04    352.84   35308.62 f
  n735 (net)                                    1                   0.00   35308.62 f
  U1583/Y (NAND4X0_RVT)                                   0.10      0.09   35308.71 r
  N57 (net)                                     1                   0.00   35308.71 r
  U936/SO (HADDX1_RVT)                                    0.06      0.22   35308.93 f
  n716 (net)                                    1                   0.00   35308.93 f
  U940/Y (NOR4X1_RVT)                                     0.04      0.29   35309.22 r
  n727 (net)                                    1                   0.00   35309.22 r
  U951/Y (NAND3X0_RVT)                                    0.07      0.10   35309.32 f
  n728 (net)                                    1                   0.00   35309.32 f
  U1398/Y (NOR4X1_RVT)                                    0.04      0.21   35309.53 r
  n858 (net)                                    1                   0.00   35309.53 r
  U1330/Y (AND2X1_RVT)                                    0.06      0.12   35309.66 r
  cache_hit (net)                               3                   0.00   35309.66 r
  U1530/Y (INVX0_RVT)                                     0.04      0.21   35309.87 f
  n136 (net)                                    2                   0.00   35309.87 f
  U1386/Y (NBUFFX2_RVT)                                   0.04      0.14   35310.01 f
  n848 (net)                                    3                   0.00   35310.01 f
  U1391/Y (AO22X1_RVT)                                    0.06      0.23   35310.24 f
  cache_result_in[3] (net)                      2                   0.00   35310.24 f
  DP_OP_104_122_9680/I2[3] (cv32e40p_mult_opt_DP_OP_104_122_9680_0)
                                                                    0.00   35310.24 f
  DP_OP_104_122_9680/I2[3] (net)                                    0.00   35310.24 f
  DP_OP_104_122_9680/U67/S (FADDX1_RVT)                   0.09      0.41   35310.65 r
  DP_OP_104_122_9680/n95 (net)                  3                   0.00   35310.65 r
  DP_OP_104_122_9680/U108/Y (OR2X1_RVT)                   0.04      0.30   35310.96 r
  DP_OP_104_122_9680/n264 (net)                 1                   0.00   35310.96 r
  DP_OP_104_122_9680/U129/Y (AO22X1_RVT)                  0.06      0.14   35311.09 r
  DP_OP_104_122_9680/n31 (net)                  2                   0.00   35311.09 r
  DP_OP_104_122_9680/U136/Y (AO22X1_RVT)                  0.06      0.17   35311.27 r
  DP_OP_104_122_9680/n30 (net)                  2                   0.00   35311.27 r
  DP_OP_104_122_9680/U133/Y (AO22X1_RVT)                  0.06      0.18   35311.44 r
  DP_OP_104_122_9680/n29 (net)                  2                   0.00   35311.44 r
  DP_OP_104_122_9680/U132/Y (AO22X1_RVT)                  0.06      0.17   35311.61 r
  DP_OP_104_122_9680/n28 (net)                  2                   0.00   35311.61 r
  DP_OP_104_122_9680/U160/Y (AO22X1_RVT)                  0.07      0.18   35311.79 r
  DP_OP_104_122_9680/n27 (net)                  2                   0.00   35311.79 r
  DP_OP_104_122_9680/U162/Y (AO22X1_RVT)                  0.07      0.22   35312.01 r
  DP_OP_104_122_9680/n26 (net)                  2                   0.00   35312.01 r
  DP_OP_104_122_9680/U155/Y (AO22X1_RVT)                  0.07      0.20   35312.21 r
  DP_OP_104_122_9680/n25 (net)                  2                   0.00   35312.21 r
  DP_OP_104_122_9680/U158/Y (AO22X1_RVT)                  0.07      0.21   35312.42 r
  DP_OP_104_122_9680/n24 (net)                  2                   0.00   35312.42 r
  DP_OP_104_122_9680/U164/Y (AO22X1_RVT)                  0.07      0.22   35312.64 r
  DP_OP_104_122_9680/n23 (net)                  2                   0.00   35312.64 r
  DP_OP_104_122_9680/U172/Y (AO22X1_RVT)                  0.07      0.21   35312.85 r
  DP_OP_104_122_9680/n22 (net)                  2                   0.00   35312.85 r
  DP_OP_104_122_9680/U167/Y (AO22X1_RVT)                  0.07      0.22   35313.07 r
  DP_OP_104_122_9680/n21 (net)                  2                   0.00   35313.07 r
  DP_OP_104_122_9680/U171/Y (AO22X1_RVT)                  0.07      0.20   35313.28 r
  DP_OP_104_122_9680/n20 (net)                  2                   0.00   35313.28 r
  DP_OP_104_122_9680/U166/Y (AO22X1_RVT)                  0.07      0.21   35313.48 r
  DP_OP_104_122_9680/n19 (net)                  2                   0.00   35313.48 r
  DP_OP_104_122_9680/U170/Y (AO22X1_RVT)                  0.07      0.23   35313.71 r
  DP_OP_104_122_9680/n18 (net)                  2                   0.00   35313.71 r
  DP_OP_104_122_9680/U153/Y (AO22X1_RVT)                  0.08      0.21   35313.93 r
  DP_OP_104_122_9680/n17 (net)                  2                   0.00   35313.93 r
  DP_OP_104_122_9680/U141/CO (FADDX1_RVT)                 0.08      0.27   35314.20 r
  DP_OP_104_122_9680/n16 (net)                  2                   0.00   35314.20 r
  DP_OP_104_122_9680/U130/Y (AO22X1_RVT)                  0.07      0.21   35314.41 r
  DP_OP_104_122_9680/n15 (net)                  2                   0.00   35314.41 r
  DP_OP_104_122_9680/U154/Y (AO22X1_RVT)                  0.07      0.20   35314.61 r
  DP_OP_104_122_9680/n14 (net)                  2                   0.00   35314.61 r
  DP_OP_104_122_9680/U159/Y (AO22X1_RVT)                  0.07      0.20   35314.81 r
  DP_OP_104_122_9680/n13 (net)                  2                   0.00   35314.81 r
  DP_OP_104_122_9680/U156/Y (AO22X1_RVT)                  0.07      0.20   35315.02 r
  DP_OP_104_122_9680/n12 (net)                  2                   0.00   35315.02 r
  DP_OP_104_122_9680/U157/Y (AO22X1_RVT)                  0.07      0.20   35315.22 r
  DP_OP_104_122_9680/n11 (net)                  2                   0.00   35315.22 r
  DP_OP_104_122_9680/U175/Y (AO22X1_RVT)                  0.07      0.20   35315.42 r
  DP_OP_104_122_9680/n10 (net)                  2                   0.00   35315.42 r
  DP_OP_104_122_9680/U174/Y (AO22X1_RVT)                  0.07      0.20   35315.62 r
  DP_OP_104_122_9680/n9 (net)                   2                   0.00   35315.62 r
  DP_OP_104_122_9680/U173/Y (AO22X1_RVT)                  0.06      0.20   35315.82 r
  DP_OP_104_122_9680/n8 (net)                   2                   0.00   35315.82 r
  DP_OP_104_122_9680/U177/Y (AO22X1_RVT)                  0.06      0.17   35315.99 r
  DP_OP_104_122_9680/n7 (net)                   2                   0.00   35315.99 r
  DP_OP_104_122_9680/U169/Y (AO22X1_RVT)                  0.06      0.17   35316.16 r
  DP_OP_104_122_9680/n6 (net)                   2                   0.00   35316.16 r
  DP_OP_104_122_9680/U168/Y (AO22X1_RVT)                  0.06      0.17   35316.33 r
  DP_OP_104_122_9680/n5 (net)                   2                   0.00   35316.33 r
  DP_OP_104_122_9680/U176/Y (AO22X1_RVT)                  0.07      0.18   35316.51 r
  DP_OP_104_122_9680/n4 (net)                   1                   0.00   35316.51 r
  DP_OP_104_122_9680/U4/CO (FADDX1_RVT)                   0.09      0.21   35316.72 r
  DP_OP_104_122_9680/n3 (net)                   2                   0.00   35316.72 r
  DP_OP_104_122_9680/U163/Y (AO22X1_RVT)                  0.06      0.22   35316.94 r
  DP_OP_104_122_9680/n2 (net)                   1                   0.00   35316.94 r
  DP_OP_104_122_9680/U84/Y (XOR3X2_RVT)                   0.07      0.12   35317.06 r
  DP_OP_104_122_9680/O1[33] (net)               1                   0.00   35317.06 r
  DP_OP_104_122_9680/O1[33] (cv32e40p_mult_opt_DP_OP_104_122_9680_0)
                                                                    0.00   35317.06 r
  short_mac[33] (net)                                               0.00   35317.06 r
  U131/Y (AO22X1_RVT)                                     0.06      0.14   35317.20 r
  short_mac_msb1 (net)                          2                   0.00   35317.20 r
  U973/Y (AND2X2_RVT)                                     0.08      0.19   35317.39 r
  N113 (net)                                   10                   0.00   35317.39 r
  U1445/Y (AO22X1_RVT)                                    0.07      2.18   35319.57 r
  n1324 (net)                                   2                   0.00   35319.57 r
  U1618/Y (AO22X1_RVT)                                    0.07      0.18   35319.75 r
  n1354 (net)                                   2                   0.00   35319.75 r
  U1601/Y (AO22X1_RVT)                                    0.07      0.18   35319.93 r
  n1373 (net)                                   2                   0.00   35319.93 r
  U1605/Y (AO22X1_RVT)                                    0.08      0.19   35320.12 r
  n1385 (net)                                   2                   0.00   35320.12 r
  U1659/Y (AO22X1_RVT)                                    0.08      0.18   35320.30 r
  short_result[12] (net)                        1                   0.00   35320.30 r
  U1607/Y (AO21X1_RVT)                                    0.05      0.14   35320.43 r
  result_o[12] (net)                            1                   0.00   35320.43 r
  result_o[12] (out)                                      0.05      0.00   35320.43 r    inf
  data arrival time                                                        35320.43

  clock clk (rise edge)                                            35.00      35.00
  clock network delay (propagated)                                  0.00      35.00
  clock uncertainty                                                -0.20      34.80
  output external delay                                            -0.50      34.30
  data required time                                                          34.30
  ---------------------------------------------------------------------------------------------------------
  data required time                                                          34.30
  data arrival time                                                        -35320.43
  ---------------------------------------------------------------------------------------------------------
  slack (VIOLATED)                                                         -35286.13

