****************************************
Report : power
        -hier
        -analysis_effort low
Design : cv32e40p_mult_opt
Version: T-2022.03-SP3
Date   : Fri Jun 13 15:32:26 2025
****************************************


Library(s) Used:

    saed32rvt_ss0p75v125c (File: /usr/local/synopsys/pdk/SAED32_EDK/lib/stdcell_rvt/db_ccs/saed32rvt_ss0p75v125c.db)


Operating Conditions: ss0p75v125c   Library: saed32rvt_ss0p75v125c
Wire Load Model Mode: enclosed

Design        Wire Load Model            Library
------------------------------------------------
cv32e40p_mult_opt      35000             saed32rvt_ss0p75v125c
cv32e40p_mult_opt_DP_OP_105_123_734_0
                       8000              saed32rvt_ss0p75v125c
cv32e40p_mult_opt_DP_OP_104_122_9680_0
                       8000              saed32rvt_ss0p75v125c
cv32e40p_mult_opt_DP_OP_102_125_9689_0
                       8000              saed32rvt_ss0p75v125c
cv32e40p_mult_opt_DP_OP_103_126_7580_0
                       8000              saed32rvt_ss0p75v125c
cv32e40p_mult_opt_DW_mult_tc_1
                       8000              saed32rvt_ss0p75v125c


Global Operating Voltage = 0.75
Power-specific unit information :
    Voltage Units = 1V
    Capacitance Units = 1.000000ff
    Time Units = 1ns
    Dynamic Power Units = 1uW    (derived from V,C,T units)
    Leakage Power Units = 1pW


--------------------------------------------------------------------------------
                                       Switch   Int      Leak     Total
Hierarchy                              Power    Power    Power    Power    %
--------------------------------------------------------------------------------
cv32e40p_mult_opt                        27.089    0.000 6.20e+08  647.422 100.0
  mult_x_10 (cv32e40p_mult_opt_DW_mult_tc_1)
                                          4.488    0.000 7.43e+07   78.787  12.2
  DP_OP_103_126_7580 (cv32e40p_mult_opt_DP_OP_103_126_7580_0)
                                          3.696    0.000 7.51e+07   78.773  12.2
  DP_OP_102_125_9689 (cv32e40p_mult_opt_DP_OP_102_125_9689_0)
                                          6.177    0.000 1.15e+08  121.168  18.7
  DP_OP_104_122_9680 (cv32e40p_mult_opt_DP_OP_104_122_9680_0)
                                          1.078    0.000 1.54e+07   16.489   2.5
  DP_OP_105_123_734 (cv32e40p_mult_opt_DP_OP_105_123_734_0)
                                          6.827    0.000 1.15e+08  121.673  18.8
